# JRE version: Java(TM) SE Runtime Environment (8.0_121-b13) (build 1.8.0_121-b13)
# Java VM: Java HotSpot(TM) 64-Bit Server VM (25.121-b13 mixed mode windows-amd64 compressed oops)
Heap:
 PSYoungGen      total 49664K, used 48337K [0x00000000eb780000, 0x00000000f1380000, 0x0000000100000000)
  eden space 16896K, 95% used [0x00000000eb780000,0x00000000ec754748,0x00000000ec800000)
  from space 32768K, 98% used [0x00000000eec00000,0x00000000f0b60010,0x00000000f0c00000)
  to   space 36864K, 0% used [0x00000000ec800000,0x00000000ec800000,0x00000000eec00000)
 ParOldGen       total 133120K, used 77307K [0x00000000c2600000, 0x00000000ca800000, 0x00000000eb780000)
  object space 133120K, 58% used [0x00000000c2600000,0x00000000c717ee80,0x00000000ca800000)
 Metaspace       used 12672K, capacity 12926K, committed 13184K, reserved 1060864K
  class space    used 1497K, capacity 1575K, committed 1664K, reserved 1048576K
GC Heap History (10 events):
Event: 173.014 GC heap before
{Heap before GC invocations=14 (full 1):
 PSYoungGen      total 37376K, used 37216K [0x00000000eb780000, 0x00000000ef980000, 0x0000000100000000)
  eden space 14848K, 100% used [0x00000000eb780000,0x00000000ec600000,0x00000000ec600000)
  from space 22528K, 99% used [0x00000000ede80000,0x00000000ef458000,0x00000000ef480000)
  to   space 25088K, 0% used [0x00000000ec600000,0x00000000ec600000,0x00000000ede80000)
 ParOldGen       total 77312K, used 58705K [0x00000000c2600000, 0x00000000c7180000, 0x00000000eb780000)
  object space 77312K, 75% used [0x00000000c2600000,0x00000000c5f54490,0x00000000c7180000)
 Metaspace       used 12672K, capacity 12926K, committed 13184K, reserved 1060864K
  class space    used 1497K, capacity 1575K, committed 1664K, reserved 1048576K
Event: 173.095 GC heap after
Heap after GC invocations=14 (full 1):
 PSYoungGen      total 39936K, used 25088K [0x00000000eb780000, 0x00000000f0300000, 0x0000000100000000)
  eden space 14848K, 0% used [0x00000000eb780000,0x00000000eb780000,0x00000000ec600000)
  from space 25088K, 100% used [0x00000000ec600000,0x00000000ede80000,0x00000000ede80000)
  to   space 29696K, 0% used [0x00000000ee600000,0x00000000ee600000,0x00000000f0300000)
 ParOldGen       total 77312K, used 62895K [0x00000000c2600000, 0x00000000c7180000, 0x00000000eb780000)
  object space 77312K, 81% used [0x00000000c2600000,0x00000000c636bdd0,0x00000000c7180000)
 Metaspace       used 12672K, capacity 12926K, committed 13184K, reserved 1060864K
  class space    used 1497K, capacity 1575K, committed 1664K, reserved 1048576K
}
Event: 195.179 GC heap before
{Heap before GC invocations=15 (full 1):
 PSYoungGen      total 39936K, used 39936K [0x00000000eb780000, 0x00000000f0300000, 0x0000000100000000)
  eden space 14848K, 100% used [0x00000000eb780000,0x00000000ec600000,0x00000000ec600000)
  from space 25088K, 100% used [0x00000000ec600000,0x00000000ede80000,0x00000000ede80000)
  to   space 29696K, 0% used [0x00000000ee600000,0x00000000ee600000,0x00000000f0300000)
 ParOldGen       total 77312K, used 62895K [0x00000000c2600000, 0x00000000c7180000, 0x00000000eb780000)
  object space 77312K, 81% used [0x00000000c2600000,0x00000000c636bdd0,0x00000000c7180000)
 Metaspace       used 12672K, capacity 12926K, committed 13184K, reserved 1060864K
  class space    used 1497K, capacity 1575K, committed 1664K, reserved 1048576K
Event: 195.273 GC heap after
Heap after GC invocations=15 (full 1):
 PSYoungGen      total 46080K, used 22784K [0x00000000eb780000, 0x00000000f0580000, 0x0000000100000000)
  eden space 16384K, 0% used [0x00000000eb780000,0x00000000eb780000,0x00000000ec780000)
  from space 29696K, 76% used [0x00000000ee600000,0x00000000efc40000,0x00000000f0300000)
  to   space 31232K, 0% used [0x00000000ec780000,0x00000000ec780000,0x00000000ee600000)
 ParOldGen       total 77312K, used 72263K [0x00000000c2600000, 0x00000000c7180000, 0x00000000eb780000)
  object space 77312K, 93% used [0x00000000c2600000,0x00000000c6c91dd0,0x00000000c7180000)
 Metaspace       used 12672K, capacity 12926K, committed 13184K, reserved 1060864K
  class space    used 1497K, capacity 1575K, committed 1664K, reserved 1048576K
}
Event: 195.273 GC heap before
{Heap before GC invocations=16 (full 2):
 PSYoungGen      total 46080K, used 22784K [0x00000000eb780000, 0x00000000f0580000, 0x0000000100000000)
  eden space 16384K, 0% used [0x00000000eb780000,0x00000000eb780000,0x00000000ec780000)
  from space 29696K, 76% used [0x00000000ee600000,0x00000000efc40000,0x00000000f0300000)
  to   space 31232K, 0% used [0x00000000ec780000,0x00000000ec780000,0x00000000ee600000)
 ParOldGen       total 77312K, used 72263K [0x00000000c2600000, 0x00000000c7180000, 0x00000000eb780000)
  object space 77312K, 93% used [0x00000000c2600000,0x00000000c6c91dd0,0x00000000c7180000)
 Metaspace       used 12672K, capacity 12926K, committed 13184K, reserved 1060864K
  class space    used 1497K, capacity 1575K, committed 1664K, reserved 1048576K
Event: 196.272 GC heap after
Heap after GC invocations=16 (full 2):
 PSYoungGen      total 46080K, used 16558K [0x00000000eb780000, 0x00000000f0580000, 0x0000000100000000)
  eden space 16384K, 0% used [0x00000000eb780000,0x00000000eb780000,0x00000000ec780000)
  from space 29696K, 55% used [0x00000000ee600000,0x00000000ef62bb48,0x00000000f0300000)
  to   space 31232K, 0% used [0x00000000ec780000,0x00000000ec780000,0x00000000ee600000)
 ParOldGen       total 133120K, used 77307K [0x00000000c2600000, 0x00000000ca800000, 0x00000000eb780000)
  object space 133120K, 58% used [0x00000000c2600000,0x00000000c717ee80,0x00000000ca800000)
 Metaspace       used 12672K, capacity 12926K, committed 13184K, reserved 1060864K
  class space    used 1497K, capacity 1575K, committed 1664K, reserved 1048576K
}
Event: 225.105 GC heap before
{Heap before GC invocations=17 (full 2):
 PSYoungGen      total 46080K, used 32942K [0x00000000eb780000, 0x00000000f0580000, 0x0000000100000000)
  eden space 16384K, 100% used [0x00000000eb780000,0x00000000ec780000,0x00000000ec780000)
  from space 29696K, 55% used [0x00000000ee600000,0x00000000ef62bb48,0x00000000f0300000)
  to   space 31232K, 0% used [0x00000000ec780000,0x00000000ec780000,0x00000000ee600000)
 ParOldGen       total 133120K, used 77307K [0x00000000c2600000, 0x00000000ca800000, 0x00000000eb780000)
  object space 133120K, 58% used [0x00000000c2600000,0x00000000c717ee80,0x00000000ca800000)
 Metaspace       used 12672K, capacity 12926K, committed 13184K, reserved 1060864K
  class space    used 1497K, capacity 1575K, committed 1664K, reserved 1048576K
Event: 225.663 GC heap after
Heap after GC invocations=17 (full 2):
 PSYoungGen      total 47616K, used 24448K [0x00000000eb780000, 0x00000000f0c00000, 0x0000000100000000)
  eden space 16384K, 0% used [0x00000000eb780000,0x00000000eb780000,0x00000000ec780000)
  from space 31232K, 78% used [0x00000000ec780000,0x00000000edf60010,0x00000000ee600000)
  to   space 32768K, 0% used [0x00000000eec00000,0x00000000eec00000,0x00000000f0c00000)
 ParOldGen       total 133120K, used 77307K [0x00000000c2600000, 0x00000000ca800000, 0x00000000eb780000)
  object space 133120K, 58% used [0x00000000c2600000,0x00000000c717ee80,0x00000000ca800000)
 Metaspace       used 12672K, capacity 12926K, committed 13184K, reserved 1060864K
  class space    used 1497K, capacity 1575K, committed 1664K, reserved 1048576K
}
Event: 256.171 GC heap before
{Heap before GC invocations=18 (full 2):
 PSYoungGen      total 47616K, used 40832K [0x00000000eb780000, 0x00000000f0c00000, 0x0000000100000000)
  eden space 16384K, 100% used [0x00000000eb780000,0x00000000ec780000,0x00000000ec780000)
  from space 31232K, 78% used [0x00000000ec780000,0x00000000edf60010,0x00000000ee600000)
  to   space 32768K, 0% used [0x00000000eec00000,0x00000000eec00000,0x00000000f0c00000)
 ParOldGen       total 133120K, used 77307K [0x00000000c2600000, 0x00000000ca800000, 0x00000000eb780000)
  object space 133120K, 58% used [0x00000000c2600000,0x00000000c717ee80,0x00000000ca800000)
 Metaspace       used 12672K, capacity 12926K, committed 13184K, reserved 1060864K
  class space    used 1497K, capacity 1575K, committed 1664K, reserved 1048576K
Event: 256.273 GC heap after
Heap after GC invocations=18 (full 2):
 PSYoungGen      total 49664K, used 32128K [0x00000000eb780000, 0x00000000f1380000, 0x0000000100000000)
  eden space 16896K, 0% used [0x00000000eb780000,0x00000000eb780000,0x00000000ec800000)
  from space 32768K, 98% used [0x00000000eec00000,0x00000000f0b60010,0x00000000f0c00000)
  to   space 36864K, 0% used [0x00000000ec800000,0x00000000ec800000,0x00000000eec00000)
 ParOldGen       total 133120K, used 77307K [0x00000000c2600000, 0x00000000ca800000, 0x00000000eb780000)
  object space 133120K, 58% used [0x00000000c2600000,0x00000000c717ee80,0x00000000ca800000)
 Metaspace       used 12672K, capacity 12926K, committed 13184K, reserved 1060864K
  class space    used 1497K, capacity 1575K, committed 1664K, reserved 1048576K
}

